simpleDemo/build/intermediates/manifest_merge_blame_file/release/manifest-merger-blame-release-report.txt
1<?xml version="1.0" encoding="utf-8"?>
2<manifest xmlns:android="http://schemas.android.com/apk/res/android"
3    package="com.bzkj.mobile.portal"
4    android:versionCode="4"
5    android:versionName="1.1.0" >
6
7    <uses-sdk
8        android:minSdkVersion="21"
8-->src/main/AndroidManifest.xml
9        android:targetSdkVersion="28" />
9-->src/main/AndroidManifest.xml
10
11    <supports-screens
11-->[lib.5plus.base-release.aar] AndroidManifest.xml:9:5-14:39
12        android:anyDensity="true"
12-->[lib.5plus.base-release.aar] AndroidManifest.xml:10:9-34
13        android:largeScreens="true"
13-->[lib.5plus.base-release.aar] AndroidManifest.xml:11:9-36
14        android:normalScreens="true"
14-->[lib.5plus.base-release.aar] AndroidManifest.xml:12:9-37
15        android:resizeable="true"
15-->[lib.5plus.base-release.aar] AndroidManifest.xml:13:9-34
16        android:smallScreens="true" />
16-->[lib.5plus.base-release.aar] AndroidManifest.xml:14:9-36
17
18    <uses-permission android:name="android.permission.WRITE_EXTERNAL_STORAGE" />
18-->[lib.5plus.base-release.aar] AndroidManifest.xml:16:5-81
18-->[lib.5plus.base-release.aar] AndroidManifest.xml:16:22-78
19    <uses-permission android:name="android.permission.INTERNET" />
19-->[lib.5plus.base-release.aar] AndroidManifest.xml:17:5-67
19-->[lib.5plus.base-release.aar] AndroidManifest.xml:17:22-64
20    <uses-permission android:name="android.permission.ACCESS_NETWORK_STATE" />
20-->[lib.5plus.base-release.aar] AndroidManifest.xml:18:5-79
20-->[lib.5plus.base-release.aar] AndroidManifest.xml:18:22-76
21    <!--
22    <uses-permission
23        android:name="com.android.launcher.permission.UNINSTALL_SHORTCUT" />
24    -->
25    <!-- 华为修改角标需要设置权限 -->
26    <uses-permission android:name="com.huawei.android.launcher.permission.CHANGE_BADGE" /> <!-- vivo 修改角标需要设置权限 -->
26-->[lib.5plus.base-release.aar] AndroidManifest.xml:24:5-91
26-->[lib.5plus.base-release.aar] AndroidManifest.xml:24:22-88
27    <uses-permission android:name="com.vivo.notification.permission.BADGE_ICON" />
27-->[lib.5plus.base-release.aar] AndroidManifest.xml:26:5-83
27-->[lib.5plus.base-release.aar] AndroidManifest.xml:26:22-80
28
29    <queries>
29-->[lib.5plus.base-release.aar] AndroidManifest.xml:28:5-37:15
30        <intent>
30-->[lib.5plus.base-release.aar] AndroidManifest.xml:29:9-31:18
31            <action android:name="android.intent.action.MAIN" />
31-->src/main/AndroidManifest.xml:22:17-69
31-->src/main/AndroidManifest.xml:22:25-66
32        </intent>
33        <intent>
33-->[lib.5plus.base-release.aar] AndroidManifest.xml:32:9-36:18
34            <action android:name="android.intent.action.VIEW" />
34-->src/main/AndroidManifest.xml:38:17-69
34-->src/main/AndroidManifest.xml:38:25-66
35
36            <category android:name="android.intent.category.DEFAULT" />
36-->src/main/AndroidManifest.xml:36:17-76
36-->src/main/AndroidManifest.xml:36:27-73
37        </intent>
38    </queries>
39
40    <uses-permission android:name="android.permission.READ_EXTERNAL_STORAGE" />
41    <uses-permission android:name="com.asus.msa.SupplementaryDID.ACCESS" />
41-->[oaid_sdk_1.0.25.aar] AndroidManifest.xml:13:5-76
41-->[oaid_sdk_1.0.25.aar] AndroidManifest.xml:13:22-73
42    <uses-permission android:name="freemme.permission.msa" />
42-->[oaid_sdk_1.0.25.aar] AndroidManifest.xml:15:5-62
42-->[oaid_sdk_1.0.25.aar] AndroidManifest.xml:15:22-59
43
44    <application
44-->src/main/AndroidManifest.xml:5:5-45:19
45        android:name="io.dcloud.application.DCloudApplication"
45-->[lib.5plus.base-release.aar] AndroidManifest.xml:170:9-63
46        android:allowBackup="true"
46-->src/main/AndroidManifest.xml:6:9-35
47        android:allowClearUserData="true"
47-->src/main/AndroidManifest.xml:7:9-42
48        android:appComponentFactory="androidx.core.app.CoreComponentFactory"
48-->[androidx.core:core:1.0.0] AndroidManifest.xml:22:18-86
49        android:extractNativeLibs="true"
49-->[uniapp-v8-release.aar] AndroidManifest.xml:29:18-50
50        android:icon="@drawable/icon"
50-->src/main/AndroidManifest.xml:8:9-38
51        android:label="@string/app_name"
51-->src/main/AndroidManifest.xml:9:9-41
52        android:largeHeap="true"
52-->src/main/AndroidManifest.xml:10:9-33
53        android:supportsRtl="true"
53-->src/main/AndroidManifest.xml:11:9-35
54        android:usesCleartextTraffic="true" >
54-->[lib.5plus.base-release.aar] AndroidManifest.xml:172:9-44
55        <activity
55-->src/main/AndroidManifest.xml:12:9-25:20
56            android:name="io.dcloud.PandoraEntry"
56-->src/main/AndroidManifest.xml:13:13-50
57            android:configChanges="orientation|keyboardHidden|keyboard|navigation"
57-->src/main/AndroidManifest.xml:14:13-83
58            android:hardwareAccelerated="true"
58-->src/main/AndroidManifest.xml:17:13-47
59            android:label="@string/app_name"
59-->src/main/AndroidManifest.xml:15:13-45
60            android:launchMode="singleTask"
60-->src/main/AndroidManifest.xml:16:13-44
61            android:screenOrientation="user"
61-->src/main/AndroidManifest.xml:19:13-45
62            android:theme="@style/TranslucentTheme"
62-->src/main/AndroidManifest.xml:18:13-52
63            android:windowSoftInputMode="adjustResize" >
63-->src/main/AndroidManifest.xml:20:13-55
64            <intent-filter>
64-->src/main/AndroidManifest.xml:21:13-24:29
65                <action android:name="android.intent.action.MAIN" />
65-->src/main/AndroidManifest.xml:22:17-69
65-->src/main/AndroidManifest.xml:22:25-66
66
67                <category android:name="android.intent.category.LAUNCHER" />
67-->src/main/AndroidManifest.xml:23:17-77
67-->src/main/AndroidManifest.xml:23:27-74
68            </intent-filter>
69        </activity>
70        <activity
70-->src/main/AndroidManifest.xml:26:9-41:20
71            android:name="io.dcloud.PandoraEntryActivity"
71-->src/main/AndroidManifest.xml:27:13-58
72            android:configChanges="orientation|keyboardHidden|screenSize|mcc|mnc|fontScale|keyboard|smallestScreenSize|screenLayout|screenSize"
72-->src/main/AndroidManifest.xml:29:13-144
73            android:hardwareAccelerated="true"
73-->src/main/AndroidManifest.xml:30:13-47
74            android:launchMode="singleTask"
74-->src/main/AndroidManifest.xml:28:13-44
75            android:permission="com.miui.securitycenter.permission.AppPermissionsEditor"
75-->src/main/AndroidManifest.xml:31:13-89
76            android:screenOrientation="user"
76-->src/main/AndroidManifest.xml:32:13-45
77            android:theme="@style/DCloudTheme"
77-->src/main/AndroidManifest.xml:33:13-47
78            android:windowSoftInputMode="adjustResize" >
78-->src/main/AndroidManifest.xml:34:13-55
79            <intent-filter>
79-->src/main/AndroidManifest.xml:35:13-40:29
80                <category android:name="android.intent.category.DEFAULT" />
80-->src/main/AndroidManifest.xml:36:17-76
80-->src/main/AndroidManifest.xml:36:27-73
81                <category android:name="android.intent.category.BROWSABLE" />
81-->src/main/AndroidManifest.xml:37:17-78
81-->src/main/AndroidManifest.xml:37:27-75
82
83                <action android:name="android.intent.action.VIEW" />
83-->src/main/AndroidManifest.xml:38:17-69
83-->src/main/AndroidManifest.xml:38:25-66
84
85                <data android:scheme="h56131bcf" />
85-->src/main/AndroidManifest.xml:39:17-52
85-->src/main/AndroidManifest.xml:39:23-49
86            </intent-filter>
87        </activity>
88
89        <meta-data
89-->src/main/AndroidManifest.xml:42:9-44:64
90            android:name="dcloud_appkey"
90-->src/main/AndroidManifest.xml:43:13-41
91            android:value="695285fb2a7559b2015c13d354adbeb0" />
91-->src/main/AndroidManifest.xml:44:13-61
92        <!--
93        <activity
94            android:name="io.dcloud.imagepick.CustomGalleryActivity"
95            android:noHistory="true"
96            android:exported="false"/>
97        -->
98        <activity
98-->[lib.5plus.base-release.aar] AndroidManifest.xml:181:9-187:58
99            android:name="io.dcloud.feature.nativeObj.photoview.PhotoActivity"
99-->[lib.5plus.base-release.aar] AndroidManifest.xml:182:13-79
100            android:configChanges="orientation|keyboardHidden"
100-->[lib.5plus.base-release.aar] AndroidManifest.xml:183:13-63
101            android:exported="false"
101-->[lib.5plus.base-release.aar] AndroidManifest.xml:184:13-37
102            android:noHistory="false"
102-->[lib.5plus.base-release.aar] AndroidManifest.xml:185:13-38
103            android:screenOrientation="behind"
103-->[lib.5plus.base-release.aar] AndroidManifest.xml:186:13-47
104            android:theme="@style/DeviceDefault.Light" />
104-->[lib.5plus.base-release.aar] AndroidManifest.xml:187:13-55
105        <activity
105-->[lib.5plus.base-release.aar] AndroidManifest.xml:188:9-197:58
106            android:name="io.dcloud.WebAppActivity"
106-->[lib.5plus.base-release.aar] AndroidManifest.xml:189:13-52
107            android:configChanges="orientation|keyboard|keyboardHidden|smallestScreenSize|screenLayout|screenSize|mcc|mnc|fontScale|navigation"
107-->[lib.5plus.base-release.aar] AndroidManifest.xml:190:13-144
108            android:hardwareAccelerated="true"
108-->[lib.5plus.base-release.aar] AndroidManifest.xml:191:13-47
109            android:icon="@drawable/dcloud_recent"
109-->[lib.5plus.base-release.aar] AndroidManifest.xml:192:13-51
110            android:label="@string/stream_my"
110-->[lib.5plus.base-release.aar] AndroidManifest.xml:193:13-46
111            android:launchMode="singleTask"
111-->[lib.5plus.base-release.aar] AndroidManifest.xml:194:13-44
112            android:screenOrientation="portrait"
112-->[lib.5plus.base-release.aar] AndroidManifest.xml:195:13-49
113            android:theme="@style/DCloudTheme"
113-->[lib.5plus.base-release.aar] AndroidManifest.xml:196:13-47
114            android:windowSoftInputMode="adjustResize" />
114-->[lib.5plus.base-release.aar] AndroidManifest.xml:197:13-55
115        <activity
115-->[lib.5plus.base-release.aar] AndroidManifest.xml:198:9-202:75
116            android:name="io.dcloud.ProcessMediator"
116-->[lib.5plus.base-release.aar] AndroidManifest.xml:199:13-53
117            android:excludeFromRecents="true"
117-->[lib.5plus.base-release.aar] AndroidManifest.xml:200:13-46
118            android:exported="false"
118-->[lib.5plus.base-release.aar] AndroidManifest.xml:201:13-37
119            android:theme="@android:style/Theme.Translucent.NoTitleBar" />
119-->[lib.5plus.base-release.aar] AndroidManifest.xml:202:13-72
120        <activity
120-->[lib.5plus.base-release.aar] AndroidManifest.xml:203:9-209:20
121            android:name="io.dcloud.WebviewActivity"
121-->[lib.5plus.base-release.aar] AndroidManifest.xml:204:13-53
122            android:exported="false"
122-->[lib.5plus.base-release.aar] AndroidManifest.xml:205:13-37
123            android:screenOrientation="portrait"
123-->[lib.5plus.base-release.aar] AndroidManifest.xml:206:13-49
124            android:theme="@style/ThemeNoTitleBar"
124-->[lib.5plus.base-release.aar] AndroidManifest.xml:207:13-51
125            android:windowSoftInputMode="adjustPan" >
125-->[lib.5plus.base-release.aar] AndroidManifest.xml:208:13-52
126        </activity>
127
128        <receiver
128-->[lib.5plus.base-release.aar] AndroidManifest.xml:211:9-219:20
129            android:name="io.dcloud.common.adapter.io.DownloadReceiver"
129-->[lib.5plus.base-release.aar] AndroidManifest.xml:212:13-72
130            android:exported="false" >
130-->[lib.5plus.base-release.aar] AndroidManifest.xml:213:13-37
131            <intent-filter>
131-->[lib.5plus.base-release.aar] AndroidManifest.xml:214:13-218:29
132                <action android:name="android.intent.action.PACKAGE_ADDED" />
132-->[lib.5plus.base-release.aar] AndroidManifest.xml:215:17-78
132-->[lib.5plus.base-release.aar] AndroidManifest.xml:215:25-75
133
134                <data android:scheme="package" /> <!-- HERE! -->
134-->src/main/AndroidManifest.xml:39:17-52
134-->src/main/AndroidManifest.xml:39:23-49
135            </intent-filter>
136        </receiver> <!-- gallery******start -->
137        <activity
137-->[lib.5plus.base-release.aar] AndroidManifest.xml:222:9-227:63
138            android:name="com.dmcbig.mediapicker.PickerActivity"
138-->[lib.5plus.base-release.aar] AndroidManifest.xml:223:13-65
139            android:configChanges="orientation|screenSize"
139-->[lib.5plus.base-release.aar] AndroidManifest.xml:224:13-59
140            android:exported="false"
140-->[lib.5plus.base-release.aar] AndroidManifest.xml:225:13-37
141            android:theme="@style/DeviceDefault.Light"
141-->[lib.5plus.base-release.aar] AndroidManifest.xml:226:13-55
142            android:windowSoftInputMode="stateAlwaysHidden" />
142-->[lib.5plus.base-release.aar] AndroidManifest.xml:227:13-60
143        <activity
143-->[lib.5plus.base-release.aar] AndroidManifest.xml:228:9-233:63
144            android:name="com.dmcbig.mediapicker.PreviewActivity"
144-->[lib.5plus.base-release.aar] AndroidManifest.xml:229:13-66
145            android:configChanges="orientation|screenSize"
145-->[lib.5plus.base-release.aar] AndroidManifest.xml:230:13-59
146            android:exported="false"
146-->[lib.5plus.base-release.aar] AndroidManifest.xml:231:13-37
147            android:theme="@style/DeviceDefault.Light"
147-->[lib.5plus.base-release.aar] AndroidManifest.xml:232:13-55
148            android:windowSoftInputMode="stateAlwaysHidden" /> <!-- gallery******end -->
148-->[lib.5plus.base-release.aar] AndroidManifest.xml:233:13-60
149        <provider
149-->[lib.5plus.base-release.aar] AndroidManifest.xml:236:9-244:20
150            android:name="io.dcloud.common.util.DCloud_FileProvider"
150-->[lib.5plus.base-release.aar] AndroidManifest.xml:237:13-69
151            android:authorities="com.bzkj.mobile.portal.dc.fileprovider"
151-->[lib.5plus.base-release.aar] AndroidManifest.xml:238:13-67
152            android:exported="false"
152-->[lib.5plus.base-release.aar] AndroidManifest.xml:239:13-37
153            android:grantUriPermissions="true" >
153-->[lib.5plus.base-release.aar] AndroidManifest.xml:240:13-47
154            <meta-data
154-->[lib.5plus.base-release.aar] AndroidManifest.xml:241:13-243:64
155                android:name="android.support.FILE_PROVIDER_PATHS"
155-->[lib.5plus.base-release.aar] AndroidManifest.xml:242:17-67
156                android:resource="@xml/dcloud_file_provider" />
156-->[lib.5plus.base-release.aar] AndroidManifest.xml:243:17-61
157        </provider>
158        <!--
159            <meta-data
160            android:name="DCLOUD_STREAMAPP_CHANNEL"
161            android:value="io.dcloud.%APPID%|%APPID%|" />
162        -->
163        <meta-data
163-->[lib.5plus.base-release.aar] AndroidManifest.xml:251:9-253:35
164            android:name="android.max_aspect"
164-->[lib.5plus.base-release.aar] AndroidManifest.xml:252:13-46
165            android:value="2.4" />
165-->[lib.5plus.base-release.aar] AndroidManifest.xml:253:13-32
166
167        <activity
167-->[lib.5plus.base-release.aar] AndroidManifest.xml:255:9-260:63
168            android:name="io.dcloud.feature.gallery.imageedit.IMGEditActivity"
168-->[lib.5plus.base-release.aar] AndroidManifest.xml:256:13-79
169            android:configChanges="orientation|keyboardHidden|screenSize"
169-->[lib.5plus.base-release.aar] AndroidManifest.xml:257:13-74
170            android:exported="false"
170-->[lib.5plus.base-release.aar] AndroidManifest.xml:258:13-37
171            android:theme="@style/ImageEditTheme"
171-->[lib.5plus.base-release.aar] AndroidManifest.xml:259:13-50
172            android:windowSoftInputMode="stateAlwaysHidden" />
172-->[lib.5plus.base-release.aar] AndroidManifest.xml:260:13-60
173
174        <service
174-->[lib.5plus.base-release.aar] AndroidManifest.xml:262:9-265:72
175            android:name="io.dcloud.ads.base.service.DownloadService"
175-->[lib.5plus.base-release.aar] AndroidManifest.xml:263:13-70
176            android:exported="false"
176-->[lib.5plus.base-release.aar] AndroidManifest.xml:264:13-37
177            android:permission="android.permission.BIND_JOB_SERVICE" />
177-->[lib.5plus.base-release.aar] AndroidManifest.xml:265:13-69
178
179        <receiver
179-->[uniapp-v8-release.aar] AndroidManifest.xml:30:9-34:20
180            android:name="com.taobao.weex.WXGlobalEventReceiver"
180-->[uniapp-v8-release.aar] AndroidManifest.xml:31:13-65
181            android:enabled="true"
181-->[uniapp-v8-release.aar] AndroidManifest.xml:32:13-35
182            android:exported="false" >
182-->[uniapp-v8-release.aar] AndroidManifest.xml:33:13-37
183        </receiver>
184    </application>
185
186</manifest>